<?xml version="1.0" encoding="UTF-8" ?>
<testsuite tests="0" failures="0" name="org.example.ContextTest" time="0" errors="0" skipped="0">
  <properties>
    <property name="idea.version" value="2022.3"/>
    <property name="java.runtime.name" value="Java(TM) SE Runtime Environment"/>
    <property name="sun.boot.library.path" value="D:\JavaData\Java\jdk1.8.0_171\jre\bin"/>
    <property name="java.vm.version" value="25.171-b11"/>
    <property name="java.vm.vendor" value="Oracle Corporation"/>
    <property name="maven.multiModuleProjectDirectory" value="E:\study资料\aasss\CodeTest_Ou"/>
    <property name="java.vendor.url" value="http://java.oracle.com/"/>
    <property name="path.separator" value=";"/>
    <property name="guice.disable.misplaced.annotation.check" value="true"/>
    <property name="java.vm.name" value="Java HotSpot(TM) 64-Bit Server VM"/>
    <property name="file.encoding.pkg" value="sun.io"/>
    <property name="user.script" value=""/>
    <property name="user.country" value="CN"/>
    <property name="sun.java.launcher" value="SUN_STANDARD"/>
    <property name="sun.os.patch.level" value=""/>
    <property name="java.vm.specification.name" value="Java Virtual Machine Specification"/>
    <property name="user.dir" value="E:\study资料\aasss\CodeTest_Ou"/>
    <property name="java.runtime.version" value="1.8.0_171-b11"/>
    <property name="java.awt.graphicsenv" value="sun.awt.Win32GraphicsEnvironment"/>
    <property name="java.endorsed.dirs" value="D:\JavaData\Java\jdk1.8.0_171\jre\lib\endorsed"/>
    <property name="os.arch" value="amd64"/>
    <property name="java.io.tmpdir" value="C:\Users\ouguohao\AppData\Local\Temp\"/>
    <property name="line.separator" value="
"/>
    <property name="java.vm.specification.vendor" value="Oracle Corporation"/>
    <property name="user.variant" value=""/>
    <property name="os.name" value="Windows 10"/>
    <property name="maven.ext.class.path" value="E:\idea\IntelliJ IDEA Community Edition 2022.3\plugins\maven\lib\maven-event-listener.jar"/>
    <property name="classworlds.conf" value="F:\maven\apache-maven-3.8.8-bin\apache-maven-3.8.8\bin\m2.conf"/>
    <property name="sun.jnu.encoding" value="GBK"/>
    <property name="java.library.path" value="D:\JavaData\Java\jdk1.8.0_171\bin;C:\WINDOWS\Sun\Java\bin;C:\WINDOWS\system32;C:\WINDOWS;E:\xftp\;E:\xshell\;F:\myoracle\oracle\product\11.2.0\dbhome_1\bin;C:\Program Files\VanDyke Software\Clients\;C:\WINDOWS\system32;C:\WINDOWS;C:\WINDOWS\System32\Wbem;C:\WINDOWS\System32\WindowsPowerShell\v1.0\;C:\WINDOWS\System32\OpenSSH\;D:\TortoiseSVN\bin;D:\SVN\bin;F:\赛意\instantclient_11_2;F;\ToolsDev\python;C:\ProgramData\chocolatey\bin;F:\开发工具\VSCODE\Microsoft VS Code\bin;C:\;rogram Files\MySQL\MySQL Server 5.7\bin;C:\cmder;E:\Git\git\Git\cmd;C:\Program Files\dotnet\;D:\JavaData\;D:\JavaData\nodejs;D:\JavaData\nodejs\node_global;D:\JavaData\nodejs\node_global\node_modules;;F:\lua\5.1;F:\lua\5.1\clibs;C:\Program Files\MySQL\MySQL Shell 8.0\bin\;F:\开发工具\VS6\Tools\WinNT;F:\开发工具\VS6\MSDev98\Bin;F:\开发工具\VS6\Tools;F:\开发工具\VC98\bin;C:\Users\ouguohao\AppData\Local\Microsoft\WindowsApps;D:\JavaData\Java\jdk1.8.0_171\bin;D:\JavaData\apache-maven-3.3.9\bin;%CATALINA_HOME%\bin;D:\JavaData\erlang\erl9.3\bin;D:\JavaData\gradle-7.0.1-all\gradle-7.0.1\bin;E:\VScode\Microsoft VS Code\bin;D:\JavaData\nodejs\node_global;;."/>
    <property name="jansi.passthrough" value="true"/>
    <property name="maven.conf" value="F:\maven\apache-maven-3.8.8-bin\apache-maven-3.8.8/conf"/>
    <property name="java.specification.name" value="Java Platform API Specification"/>
    <property name="java.class.version" value="52.0"/>
    <property name="sun.management.compiler" value="HotSpot 64-Bit Tiered Compilers"/>
    <property name="maven.repo.local" value="F:\maven\apache-maven-3.8.8-bin\localRepository"/>
    <property name="os.version" value="10.0"/>
    <property name="user.home" value="C:\Users\ouguohao"/>
    <property name="user.timezone" value="Asia/Shanghai"/>
    <property name="java.awt.printerjob" value="sun.awt.windows.WPrinterJob"/>
    <property name="java.specification.version" value="1.8"/>
    <property name="file.encoding" value="UTF-8"/>
    <property name="user.name" value="ouguohao"/>
    <property name="java.class.path" value="F:\maven\apache-maven-3.8.8-bin\apache-maven-3.8.8\boot\plexus-classworlds-2.6.0.jar;F:\maven\apache-maven-3.8.8-bin\apache-maven-3.8.8\boot\plexus-classworlds.license;E:\idea\IntelliJ IDEA Community Edition 2022.3\lib\idea_rt.jar"/>
    <property name="java.vm.specification.version" value="1.8"/>
    <property name="sun.arch.data.model" value="64"/>
    <property name="java.home" value="D:\JavaData\Java\jdk1.8.0_171\jre"/>
    <property name="sun.java.command" value="org.codehaus.classworlds.Launcher -Didea.version=2022.3 -s F:\maven\apache-maven-3.8.8-bin\apache-maven-3.8.8\conf\settings.xml -Dmaven.repo.local=F:\maven\apache-maven-3.8.8-bin\localRepository install"/>
    <property name="java.specification.vendor" value="Oracle Corporation"/>
    <property name="user.language" value="zh"/>
    <property name="awt.toolkit" value="sun.awt.windows.WToolkit"/>
    <property name="java.vm.info" value="mixed mode"/>
    <property name="java.version" value="1.8.0_171"/>
    <property name="java.ext.dirs" value="D:\JavaData\Java\jdk1.8.0_171\jre\lib\ext;C:\WINDOWS\Sun\Java\lib\ext"/>
    <property name="sun.boot.class.path" value="D:\JavaData\Java\jdk1.8.0_171\jre\lib\resources.jar;D:\JavaData\Java\jdk1.8.0_171\jre\lib\rt.jar;D:\JavaData\Java\jdk1.8.0_171\jre\lib\sunrsasign.jar;D:\JavaData\Java\jdk1.8.0_171\jre\lib\jsse.jar;D:\JavaData\Java\jdk1.8.0_171\jre\lib\jce.jar;D:\JavaData\Java\jdk1.8.0_171\jre\lib\charsets.jar;D:\JavaData\Java\jdk1.8.0_171\jre\lib\jfr.jar;D:\JavaData\Java\jdk1.8.0_171\jre\classes"/>
    <property name="java.vendor" value="Oracle Corporation"/>
    <property name="maven.home" value="F:\maven\apache-maven-3.8.8-bin\apache-maven-3.8.8"/>
    <property name="file.separator" value="\"/>
    <property name="java.vendor.url.bug" value="http://bugreport.sun.com/bugreport/"/>
    <property name="sun.cpu.endian" value="little"/>
    <property name="sun.io.unicode.encoding" value="UnicodeLittle"/>
    <property name="sun.desktop" value="windows"/>
    <property name="sun.cpu.isalist" value="amd64"/>
  </properties>
</testsuite>